\BOOKMARK [1][-]{section.1}{Abstract}{}% 1
\BOOKMARK [1][-]{section.2}{Introduction}{}% 2
\BOOKMARK [1][-]{section.3}{Background \046 Results to Date}{}% 3
\BOOKMARK [1][-]{section.4}{Research Goals}{}% 4
\BOOKMARK [1][-]{section.5}{Geology}{}% 5
\BOOKMARK [2][-]{subsection.5.1}{Tectonic Setting}{section.5}% 6
\BOOKMARK [2][-]{subsection.5.2}{Geological Setting}{section.5}% 7
\BOOKMARK [3][-]{subsubsection.5.2.1}{Sedimentary Rocks}{subsection.5.2}% 8
\BOOKMARK [3][-]{subsubsection.5.2.2}{Igneous Rocks}{subsection.5.2}% 9
\BOOKMARK [3][-]{subsubsection.5.2.3}{Structures}{subsection.5.2}% 10
\BOOKMARK [3][-]{subsubsection.5.2.4}{Alteration, Sulfide Mineralization \046 Veining}{subsection.5.2}% 11
\BOOKMARK [1][-]{section.6}{Methodology}{}% 12
\BOOKMARK [2][-]{subsection.6.1}{U/Pb and Sm/Nd radioctive series}{section.6}% 13
\BOOKMARK [2][-]{subsection.6.2}{Samples}{section.6}% 14
\BOOKMARK [2][-]{subsection.6.3}{Microscopy \046 Microdrilling}{section.6}% 15
\BOOKMARK [2][-]{subsection.6.4}{Electron Probe Micro-Analysis \(EPMA\)}{section.6}% 16
\BOOKMARK [2][-]{subsection.6.5}{Laser Ablation Inductively Coupled Plasma Mass Spectrometry \(LA-ICP-MS\)}{section.6}% 17
\BOOKMARK [2][-]{subsection.6.6}{Thermal Ionization Mass Spectrometry \(TIMS\)}{section.6}% 18
\BOOKMARK [1][-]{section.7}{Timeplan}{}% 19
\BOOKMARK [1][-]{section.8}{Discussion / Conclusion}{}% 20
\BOOKMARK [1][-]{section.9}{Acknowledgements}{}% 21
